2020-05-11 13:42:07,229 INFO notifyConnectTimeout:200

2020-05-11 13:42:07,235 INFO notifySocketTimeout:8000

2020-05-11 13:42:07,235 INFO isHealthCheck:true

2020-05-11 13:42:07,235 INFO maxHealthCheckFailCount:12

2020-05-11 13:42:07,235 INFO maxContent:10485760

2020-05-11 13:42:07,939 INFO Schema 'NACOS' already exists.

2020-05-11 13:42:07,993 INFO Table/View 'CONFIG_INFO' already exists in Schema 'NACOS'.

2020-05-11 13:42:08,043 INFO Table/View 'HIS_CONFIG_INFO' already exists in Schema 'NACOS'.

2020-05-11 13:42:08,065 INFO Table/View 'CONFIG_INFO_BETA' already exists in Schema 'NACOS'.

2020-05-11 13:42:08,076 INFO Table/View 'CONFIG_INFO_TAG' already exists in Schema 'NACOS'.

2020-05-11 13:42:08,086 INFO Table/View 'CONFIG_INFO_AGGR' already exists in Schema 'NACOS'.

2020-05-11 13:42:08,101 INFO Table/View 'APP_LIST' already exists in Schema 'NACOS'.

2020-05-11 13:42:08,117 INFO Table/View 'APP_CONFIGDATA_RELATION_SUBS' already exists in Schema 'NACOS'.

2020-05-11 13:42:08,133 INFO Table/View 'APP_CONFIGDATA_RELATION_PUBS' already exists in Schema 'NACOS'.

2020-05-11 13:42:08,143 INFO Table/View 'CONFIG_TAGS_RELATION' already exists in Schema 'NACOS'.

2020-05-11 13:42:08,156 INFO Table/View 'GROUP_CAPACITY' already exists in Schema 'NACOS'.

2020-05-11 13:42:08,167 INFO Table/View 'TENANT_CAPACITY' already exists in Schema 'NACOS'.

2020-05-11 13:42:08,176 INFO Table/View 'TENANT_INFO' already exists in Schema 'NACOS'.

2020-05-11 13:42:08,189 INFO Table/View 'USERS' already exists in Schema 'NACOS'.

2020-05-11 13:42:08,199 INFO Table/View 'ROLES' already exists in Schema 'NACOS'.

2020-05-11 13:42:08,207 INFO Table/View 'PERMISSIONS' already exists in Schema 'NACOS'.

2020-05-11 13:42:08,288 INFO The statement was aborted because it would have caused a duplicate key value in a unique or primary key constraint or unique index identified by 'SQL200403092230270' defined on 'USERS'.

2020-05-11 13:42:08,294 INFO The statement was aborted because it would have caused a duplicate key value in a unique or primary key constraint or unique index identified by 'UK_USERNAME_ROLE' defined on 'ROLES'.

2020-05-11 13:42:10,129 INFO ServerListService address-server port:8080

2020-05-11 13:42:10,129 INFO ADDRESS_SERVER_URL:http://jmenv.tbsite.net:8080/nacos/serverlist

2020-05-11 13:42:10,133 WARN [serverlist] updated to [192.168.47.1:8848]

2020-05-11 13:42:10,229 WARN DumpService start

2020-05-11 13:42:10,232 INFO start clear all config-info.

2020-05-11 13:42:10,242 WARN clear all config-info failed.

2020-05-11 13:42:10,242 WARN clear all config-info-tenant failed.

2020-05-11 13:42:10,391 INFO [all-dump] 4 / 4

2020-05-11 13:42:10,391 INFO start clear all config-info-beta.

2020-05-11 13:42:10,392 WARN clear all config-info-beta failed.

2020-05-11 13:42:10,392 WARN clear all config-info-beta-tenant failed.

2020-05-11 13:42:10,409 INFO start clear all config-info-tag.

2020-05-11 13:42:10,409 WARN clear all config-info-tag failed.

2020-05-11 13:42:10,410 WARN clear all config-info-tag-tenant failed.

