2020-04-08 00:01:15,514 INFO PERFORMANCE:|2|1|-1|-1

2020-04-08 00:06:15,517 INFO PERFORMANCE:|2|1|-1|-1

2020-04-08 00:11:15,518 INFO PERFORMANCE:|2|1|-1|-1

2020-04-08 00:16:15,520 INFO PERFORMANCE:|2|1|-1|-1

2020-04-08 00:21:15,522 INFO PERFORMANCE:|2|1|-1|-1

2020-04-08 00:26:15,523 INFO PERFORMANCE:|2|1|-1|-1

2020-04-08 00:31:15,525 INFO PERFORMANCE:|2|1|-1|-1

2020-04-08 00:36:15,527 INFO PERFORMANCE:|2|1|-1|-1

2020-04-08 00:41:15,529 INFO PERFORMANCE:|2|1|-1|-1

2020-04-08 00:46:15,531 INFO PERFORMANCE:|2|1|-1|-1

2020-04-08 00:51:15,532 INFO PERFORMANCE:|2|1|-1|-1

2020-04-08 00:56:15,534 INFO PERFORMANCE:|2|1|-1|-1

2020-04-08 01:01:15,535 INFO PERFORMANCE:|2|1|-1|-1

2020-04-08 01:06:15,536 INFO PERFORMANCE:|2|1|-1|-1

2020-04-08 01:11:15,537 INFO PERFORMANCE:|2|1|-1|-1

2020-04-08 01:16:15,539 INFO PERFORMANCE:|2|1|-1|-1

2020-04-08 01:21:15,540 INFO PERFORMANCE:|2|1|-1|-1

2020-04-08 01:26:15,540 INFO PERFORMANCE:|2|1|-1|-1

2020-04-08 01:31:15,541 INFO PERFORMANCE:|2|1|-1|-1

2020-04-08 01:36:15,541 INFO PERFORMANCE:|2|1|-1|-1

2020-04-08 01:41:15,543 INFO PERFORMANCE:|2|1|-1|-1

2020-04-08 01:46:15,544 INFO PERFORMANCE:|2|1|-1|-1

2020-04-08 01:51:15,544 INFO PERFORMANCE:|2|1|-1|-1

2020-04-08 01:56:15,546 INFO PERFORMANCE:|2|1|-1|-1

2020-04-08 02:01:15,547 INFO PERFORMANCE:|2|1|-1|-1

2020-04-08 02:06:15,548 INFO PERFORMANCE:|2|1|-1|-1

2020-04-08 02:11:15,549 INFO PERFORMANCE:|2|1|-1|-1

2020-04-08 02:16:15,550 INFO PERFORMANCE:|2|1|-1|-1

2020-04-08 02:21:15,552 INFO PERFORMANCE:|2|1|-1|-1

2020-04-08 02:26:15,554 INFO PERFORMANCE:|2|1|-1|-1

2020-04-08 02:31:15,556 INFO PERFORMANCE:|2|1|-1|-1

2020-04-08 02:36:15,557 INFO PERFORMANCE:|2|1|-1|-1

2020-04-08 02:41:15,558 INFO PERFORMANCE:|2|1|-1|-1

2020-04-08 02:46:15,560 INFO PERFORMANCE:|2|1|-1|-1

2020-04-08 02:51:15,562 INFO PERFORMANCE:|2|1|-1|-1

2020-04-08 02:56:15,563 INFO PERFORMANCE:|2|1|-1|-1

2020-04-08 03:01:15,564 INFO PERFORMANCE:|2|1|-1|-1

2020-04-08 03:06:15,565 INFO PERFORMANCE:|2|1|-1|-1

2020-04-08 03:11:15,566 INFO PERFORMANCE:|2|1|-1|-1

2020-04-08 03:16:15,567 INFO PERFORMANCE:|2|1|-1|-1

2020-04-08 03:21:15,568 INFO PERFORMANCE:|2|1|-1|-1

2020-04-08 03:26:15,569 INFO PERFORMANCE:|2|1|-1|-1

2020-04-08 03:31:15,571 INFO PERFORMANCE:|2|1|-1|-1

2020-04-08 03:36:15,571 INFO PERFORMANCE:|2|1|-1|-1

2020-04-08 03:41:15,572 INFO PERFORMANCE:|2|1|-1|-1

2020-04-08 03:46:15,574 INFO PERFORMANCE:|2|1|-1|-1

2020-04-08 03:51:15,574 INFO PERFORMANCE:|2|1|-1|-1

2020-04-08 03:56:15,576 INFO PERFORMANCE:|2|1|-1|-1

2020-04-08 04:01:15,576 INFO PERFORMANCE:|2|1|-1|-1

2020-04-08 04:06:15,577 INFO PERFORMANCE:|2|1|-1|-1

2020-04-08 04:11:15,579 INFO PERFORMANCE:|2|1|-1|-1

2020-04-08 04:16:15,580 INFO PERFORMANCE:|2|1|-1|-1

2020-04-08 04:21:15,582 INFO PERFORMANCE:|2|1|-1|-1

2020-04-08 04:26:15,583 INFO PERFORMANCE:|2|1|-1|-1

2020-04-08 04:31:15,584 INFO PERFORMANCE:|2|1|-1|-1

2020-04-08 04:36:15,586 INFO PERFORMANCE:|2|1|-1|-1

2020-04-08 04:41:15,588 INFO PERFORMANCE:|2|1|-1|-1

2020-04-08 04:46:15,589 INFO PERFORMANCE:|2|1|-1|-1

2020-04-08 04:51:15,590 INFO PERFORMANCE:|2|1|-1|-1

2020-04-08 04:56:15,592 INFO PERFORMANCE:|2|1|-1|-1

2020-04-08 05:01:15,594 INFO PERFORMANCE:|2|1|-1|-1

2020-04-08 05:06:15,595 INFO PERFORMANCE:|2|1|-1|-1

2020-04-08 05:11:15,596 INFO PERFORMANCE:|2|1|-1|-1

2020-04-08 05:16:15,597 INFO PERFORMANCE:|2|1|-1|-1

2020-04-08 05:21:15,599 INFO PERFORMANCE:|2|1|-1|-1

2020-04-08 05:26:15,600 INFO PERFORMANCE:|2|1|-1|-1

2020-04-08 05:31:15,602 INFO PERFORMANCE:|2|1|-1|-1

2020-04-08 05:36:15,604 INFO PERFORMANCE:|2|1|-1|-1

2020-04-08 05:41:15,605 INFO PERFORMANCE:|2|1|-1|-1

2020-04-08 05:46:15,607 INFO PERFORMANCE:|2|1|-1|-1

2020-04-08 05:51:15,608 INFO PERFORMANCE:|2|1|-1|-1

2020-04-08 05:56:15,608 INFO PERFORMANCE:|2|1|-1|-1

2020-04-08 06:01:15,610 INFO PERFORMANCE:|2|1|-1|-1

2020-04-08 06:06:15,610 INFO PERFORMANCE:|2|1|-1|-1

2020-04-08 06:11:15,612 INFO PERFORMANCE:|2|1|-1|-1

2020-04-08 06:16:15,614 INFO PERFORMANCE:|2|1|-1|-1

2020-04-08 06:21:15,616 INFO PERFORMANCE:|2|1|-1|-1

2020-04-08 06:26:15,617 INFO PERFORMANCE:|2|1|-1|-1

2020-04-08 06:31:15,618 INFO PERFORMANCE:|2|1|-1|-1

2020-04-08 06:36:15,619 INFO PERFORMANCE:|2|1|-1|-1

2020-04-08 06:41:15,621 INFO PERFORMANCE:|2|1|-1|-1

2020-04-08 06:46:15,622 INFO PERFORMANCE:|2|1|-1|-1

2020-04-08 06:51:15,623 INFO PERFORMANCE:|2|1|-1|-1

2020-04-08 06:56:17,055 INFO PERFORMANCE:|2|1|-1|-1

2020-04-08 07:01:17,056 INFO PERFORMANCE:|2|1|-1|-1

2020-04-08 07:06:17,057 INFO PERFORMANCE:|2|1|-1|-1

2020-04-08 07:11:17,059 INFO PERFORMANCE:|2|1|-1|-1

2020-04-08 07:16:17,060 INFO PERFORMANCE:|2|1|-1|-1

2020-04-08 07:21:17,061 INFO PERFORMANCE:|2|1|-1|-1

2020-04-08 07:26:17,063 INFO PERFORMANCE:|2|1|-1|-1

2020-04-08 07:31:17,064 INFO PERFORMANCE:|2|1|-1|-1

2020-04-08 07:36:17,066 INFO PERFORMANCE:|2|1|-1|-1

2020-04-08 07:41:17,066 INFO PERFORMANCE:|2|1|-1|-1

2020-04-08 07:46:17,067 INFO PERFORMANCE:|2|1|-1|-1

2020-04-08 07:51:17,068 INFO PERFORMANCE:|2|1|-1|-1

2020-04-08 07:56:17,069 INFO PERFORMANCE:|2|1|-1|-1

2020-04-08 08:01:17,071 INFO PERFORMANCE:|2|1|-1|-1

2020-04-08 08:06:17,073 INFO PERFORMANCE:|2|1|-1|-1

2020-04-08 08:11:17,074 INFO PERFORMANCE:|2|1|-1|-1

2020-04-08 08:16:17,075 INFO PERFORMANCE:|2|1|-1|-1

2020-04-08 08:21:17,077 INFO PERFORMANCE:|2|1|-1|-1

2020-04-08 08:26:17,079 INFO PERFORMANCE:|2|1|-1|-1

2020-04-08 08:31:17,080 INFO PERFORMANCE:|2|1|-1|-1

2020-04-08 08:36:17,081 INFO PERFORMANCE:|2|1|-1|-1

2020-04-08 08:41:17,081 INFO PERFORMANCE:|2|1|-1|-1

2020-04-08 08:46:17,082 INFO PERFORMANCE:|2|1|-1|-1

2020-04-08 08:51:17,083 INFO PERFORMANCE:|2|1|-1|-1

2020-04-08 08:56:17,084 INFO PERFORMANCE:|2|1|-1|-1

2020-04-08 09:01:17,085 INFO PERFORMANCE:|2|1|-1|-1

2020-04-08 09:06:17,087 INFO PERFORMANCE:|2|1|-1|-1

2020-04-08 09:11:17,088 INFO PERFORMANCE:|2|1|-1|-1

2020-04-08 09:16:17,090 INFO PERFORMANCE:|2|1|-1|-1

2020-04-08 09:21:17,092 INFO PERFORMANCE:|2|1|-1|-1

2020-04-08 09:26:17,093 INFO PERFORMANCE:|2|1|-1|-1

2020-04-08 09:31:17,094 INFO PERFORMANCE:|2|1|-1|-1

2020-04-08 09:36:17,096 INFO PERFORMANCE:|2|1|-1|-1

2020-04-08 09:41:17,097 INFO PERFORMANCE:|2|1|-1|-1

2020-04-08 09:46:17,098 INFO PERFORMANCE:|2|1|-1|-1

2020-04-08 09:51:17,099 INFO PERFORMANCE:|2|1|-1|-1

2020-04-08 09:56:17,101 INFO PERFORMANCE:|2|1|-1|-1

2020-04-08 10:01:17,103 INFO PERFORMANCE:|2|1|-1|-1

2020-04-08 10:06:17,104 INFO PERFORMANCE:|2|1|-1|-1

2020-04-08 10:11:17,105 INFO PERFORMANCE:|2|1|-1|-1

2020-04-08 10:16:17,106 INFO PERFORMANCE:|2|1|-1|-1

2020-04-08 10:21:17,107 INFO PERFORMANCE:|2|1|-1|-1

2020-04-08 10:26:17,108 INFO PERFORMANCE:|2|1|-1|-1

2020-04-08 10:31:17,109 INFO PERFORMANCE:|2|1|-1|-1

2020-04-08 10:36:17,112 INFO PERFORMANCE:|2|1|-1|-1

2020-04-08 10:41:17,113 INFO PERFORMANCE:|2|1|-1|-1

2020-04-08 10:46:17,114 INFO PERFORMANCE:|2|1|-1|-1

2020-04-08 10:51:17,115 INFO PERFORMANCE:|2|1|-1|-1

2020-04-08 10:56:17,117 INFO PERFORMANCE:|2|1|-1|-1

2020-04-08 11:01:17,117 INFO PERFORMANCE:|2|1|-1|-1

2020-04-08 11:06:17,119 INFO PERFORMANCE:|2|1|-1|-1

2020-04-08 11:11:17,119 INFO PERFORMANCE:|2|1|-1|-1

2020-04-08 11:16:17,120 INFO PERFORMANCE:|2|1|-1|-1

2020-04-08 11:21:17,121 INFO PERFORMANCE:|2|1|-1|-1

2020-04-08 11:26:17,122 INFO PERFORMANCE:|2|1|-1|-1

2020-04-08 11:31:17,124 INFO PERFORMANCE:|2|1|-1|-1

2020-04-08 11:36:17,124 INFO PERFORMANCE:|2|1|-1|-1

2020-04-08 11:41:17,126 INFO PERFORMANCE:|2|1|-1|-1

2020-04-08 11:46:17,127 INFO PERFORMANCE:|2|1|-1|-1

2020-04-08 11:51:17,129 INFO PERFORMANCE:|2|1|-1|-1

2020-04-08 11:56:17,129 INFO PERFORMANCE:|2|1|-1|-1

2020-04-08 12:01:17,130 INFO PERFORMANCE:|2|1|-1|-1

2020-04-08 12:06:17,132 INFO PERFORMANCE:|2|1|-1|-1

2020-04-08 12:11:17,134 INFO PERFORMANCE:|2|1|-1|-1

2020-04-08 12:16:17,135 INFO PERFORMANCE:|2|1|-1|-1

2020-04-08 12:21:17,136 INFO PERFORMANCE:|2|1|-1|-1

2020-04-08 12:26:17,137 INFO PERFORMANCE:|2|1|-1|-1

2020-04-08 12:31:17,138 INFO PERFORMANCE:|2|1|-1|-1

2020-04-08 12:36:17,140 INFO PERFORMANCE:|2|1|-1|-1

2020-04-08 12:41:17,141 INFO PERFORMANCE:|2|1|-1|-1

2020-04-08 12:46:17,142 INFO PERFORMANCE:|2|1|-1|-1

2020-04-08 12:51:17,144 INFO PERFORMANCE:|2|1|-1|-1

2020-04-08 12:56:17,145 INFO PERFORMANCE:|2|1|-1|-1

2020-04-08 13:01:17,147 INFO PERFORMANCE:|2|1|-1|-1

2020-04-08 13:06:17,148 INFO PERFORMANCE:|2|1|-1|-1

2020-04-08 13:11:17,149 INFO PERFORMANCE:|2|1|-1|-1

2020-04-08 13:16:17,151 INFO PERFORMANCE:|2|1|-1|-1

2020-04-08 13:21:17,152 INFO PERFORMANCE:|2|1|-1|-1

2020-04-08 13:26:17,153 INFO PERFORMANCE:|2|1|-1|-1

2020-04-08 13:31:17,154 INFO PERFORMANCE:|2|1|-1|-1

2020-04-08 13:36:17,156 INFO PERFORMANCE:|2|1|-1|-1

2020-04-08 13:41:17,158 INFO PERFORMANCE:|2|1|-1|-1

2020-04-08 13:46:17,159 INFO PERFORMANCE:|2|1|-1|-1

2020-04-08 13:51:17,161 INFO PERFORMANCE:|2|1|-1|-1

